<?xml version="1.0" encoding="UTF-8"?>
<testsuite name="Ejecutar servicio de consulta Rest" tests="2" skipped="0" failures="2" errors="0" timestamp="2020-06-16T01:42:12" hostname="MSI" time="10.101">
  <properties/>
  <testcase name="Consultar photos por id" classname="Ejecutar servicio de consulta Rest" time="8.287">
    <failure message="java.lang.AssertionError: 1 expectation failed.&#10;JSON path result.album_id doesn't match.&#10;Expected: 1533&#10;  Actual: 1532&#10;" type="java.lang.AssertionError">java.lang.AssertionError: 1 expectation failed.
JSON path result.album_id doesn't match.
Expected: 1533
  Actual: 1532

	at net.serenitybdd.screenplay.ErrorTally.throwSummaryExceptionFrom(ErrorTally.java:36)
	at net.serenitybdd.screenplay.ErrorTally.reportAnyErrors(ErrorTally.java:30)
	at net.serenitybdd.screenplay.Actor.should(Actor.java:301)
	at com.sophossolutions.www.steps.GetRestPhostosStepDefinition.validoElAlbumConIdYElTitleSea(GetRestPhostosStepDefinition.java:36)
	at ✽.Valido el album con id 1533 y el title sea &quot;Sit adipisci qui quibusdam quos provident eos error. Voluptas incidunt non aut consequatur.&quot;(src/test/resources/com.sophossolutions.www.features/get_rest_photos.feature:8)
</failure>
  </testcase>
  <testcase name="Consultar photos por id" classname="Ejecutar servicio de consulta Rest" time="1.807">
    <failure message="java.lang.AssertionError: 1 expectation failed.&#10;JSON path result.title doesn't match.&#10;Expected: A Omnis et amet fugit tempore suscipit esse et. Illum dolor aut nostrum deserunt enim.&#10;  Actual: Omnis et amet fugit tempore suscipit esse et. Illum dolor aut nostrum deserunt enim.&#10;" type="java.lang.AssertionError">java.lang.AssertionError: 1 expectation failed.
JSON path result.title doesn't match.
Expected: A Omnis et amet fugit tempore suscipit esse et. Illum dolor aut nostrum deserunt enim.
  Actual: Omnis et amet fugit tempore suscipit esse et. Illum dolor aut nostrum deserunt enim.

	at net.serenitybdd.screenplay.ErrorTally.throwSummaryExceptionFrom(ErrorTally.java:36)
	at net.serenitybdd.screenplay.ErrorTally.reportAnyErrors(ErrorTally.java:30)
	at net.serenitybdd.screenplay.Actor.should(Actor.java:301)
	at com.sophossolutions.www.steps.GetRestPhostosStepDefinition.validoElAlbumConIdYElTitleSea(GetRestPhostosStepDefinition.java:40)
	at ✽.Valido el album con id 1906 y el title sea &quot;A Omnis et amet fugit tempore suscipit esse et. Illum dolor aut nostrum deserunt enim.&quot;(src/test/resources/com.sophossolutions.www.features/get_rest_photos.feature:8)
</failure>
  </testcase>
  <system-out><![CDATA[    Given Necesito consultar una photo en "https://gorest.co.in/public-api/photos/"                                                               # GetRestPhostosStepDefinition.necesitoConsultarUnaPhotoEn(String)
    When El id de la photo es 19                                                                                                                  # GetRestPhostosStepDefinition.elIdDeLaPhotoEs(int)
    Then Valido el album con id 1533 y el title sea "Sit adipisci qui quibusdam quos provident eos error. Voluptas incidunt non aut consequatur." # GetRestPhostosStepDefinition.validoElAlbumConIdYElTitleSea(int,String)
      java.lang.AssertionError: 1 expectation failed.
JSON path result.album_id doesn't match.
Expected: 1533
  Actual: 1532

	at net.serenitybdd.screenplay.ErrorTally.throwSummaryExceptionFrom(ErrorTally.java:36)
	at net.serenitybdd.screenplay.ErrorTally.reportAnyErrors(ErrorTally.java:30)
	at net.serenitybdd.screenplay.Actor.should(Actor.java:301)
	at com.sophossolutions.www.steps.GetRestPhostosStepDefinition.validoElAlbumConIdYElTitleSea(GetRestPhostosStepDefinition.java:36)
	at ?.Valido el album con id 1533 y el title sea "Sit adipisci qui quibusdam quos provident eos error. Voluptas incidunt non aut consequatur."(src/test/resources/com.sophossolutions.www.features/get_rest_photos.feature:8)

    Given Necesito consultar una photo en "https://gorest.co.in/public-api/photos/"                                                          # GetRestPhostosStepDefinition.necesitoConsultarUnaPhotoEn(String)
    When El id de la photo es 55                                                                                                             # GetRestPhostosStepDefinition.elIdDeLaPhotoEs(int)
    Then Valido el album con id 1906 y el title sea "A Omnis et amet fugit tempore suscipit esse et. Illum dolor aut nostrum deserunt enim." # GetRestPhostosStepDefinition.validoElAlbumConIdYElTitleSea(int,String)
      java.lang.AssertionError: 1 expectation failed.
JSON path result.title doesn't match.
Expected: A Omnis et amet fugit tempore suscipit esse et. Illum dolor aut nostrum deserunt enim.
  Actual: Omnis et amet fugit tempore suscipit esse et. Illum dolor aut nostrum deserunt enim.

	at net.serenitybdd.screenplay.ErrorTally.throwSummaryExceptionFrom(ErrorTally.java:36)
	at net.serenitybdd.screenplay.ErrorTally.reportAnyErrors(ErrorTally.java:30)
	at net.serenitybdd.screenplay.Actor.should(Actor.java:301)
	at com.sophossolutions.www.steps.GetRestPhostosStepDefinition.validoElAlbumConIdYElTitleSea(GetRestPhostosStepDefinition.java:40)
	at ?.Valido el album con id 1906 y el title sea "A Omnis et amet fugit tempore suscipit esse et. Illum dolor aut nostrum deserunt enim."(src/test/resources/com.sophossolutions.www.features/get_rest_photos.feature:8)

]]></system-out>
  <system-err><![CDATA[[Test worker] WARN net.thucydides.core.steps.BaseStepListener - stepStarted: net.thucydides.core.steps.ExecutedStepDescription@4c6207c3
[Test worker] WARN net.thucydides.core.steps.BaseStepListener - stepFinished: current outcome:Consultar photos por id:Example: {url="https://gorest.co.in/public-api/photos/", id=19, albumId=1533, title="Sit adipisci qui quibusdam quos provident eos error. Voluptas incidunt non aut consequatur."} [Given Necesito consultar una photo en "https://gorest.co.in/public-api/photos/"]
[Test worker] WARN net.thucydides.core.steps.BaseStepListener - stepStarted: net.thucydides.core.steps.ExecutedStepDescription@373b5692
[Test worker] WARN net.thucydides.core.steps.BaseStepListener - stepStarted: net.thucydides.core.steps.ExecutedStepDescription@3890bca0
[Test worker] WARN net.thucydides.core.steps.BaseStepListener - stepStarted: net.thucydides.core.steps.ExecutedStepDescription@4006b97d
[Test worker] WARN net.thucydides.core.steps.BaseStepListener - stepStarted: net.thucydides.core.steps.ExecutedStepDescription@398abe11
[Test worker] WARN net.thucydides.core.steps.BaseStepListener - stepFinished: current outcome:Consultar photos por id:Example: {url="https://gorest.co.in/public-api/photos/", id=19, albumId=1533, title="Sit adipisci qui quibusdam quos provident eos error. Voluptas incidunt non aut consequatur."} [Given Necesito consultar una photo en "https://gorest.co.in/public-api/photos/", When El id de la photo es 19 [Jorge consultar photo [Jorge executes a GET on the resource 19?access-token=uGrpK5sxmZJxm7JlOM1D8YXiV2-wTSGbo9b2 [GET https://gorest.co.in/public-api/photos/19?access-token=uGrpK5sxmZJxm7JlOM1D8YXiV2-wTSGbo9b2]]]]
[Test worker] WARN net.thucydides.core.steps.BaseStepListener - stepFinished: current outcome:Consultar photos por id:Example: {url="https://gorest.co.in/public-api/photos/", id=19, albumId=1533, title="Sit adipisci qui quibusdam quos provident eos error. Voluptas incidunt non aut consequatur."} [Given Necesito consultar una photo en "https://gorest.co.in/public-api/photos/", When El id de la photo es 19 [Jorge consultar photo [Jorge executes a GET on the resource 19?access-token=uGrpK5sxmZJxm7JlOM1D8YXiV2-wTSGbo9b2 [GET https://gorest.co.in/public-api/photos/19?access-token=uGrpK5sxmZJxm7JlOM1D8YXiV2-wTSGbo9b2]]]]
[Test worker] WARN net.thucydides.core.steps.BaseStepListener - stepFinished: current outcome:Consultar photos por id:Example: {url="https://gorest.co.in/public-api/photos/", id=19, albumId=1533, title="Sit adipisci qui quibusdam quos provident eos error. Voluptas incidunt non aut consequatur."} [Given Necesito consultar una photo en "https://gorest.co.in/public-api/photos/", When El id de la photo es 19 [Jorge consultar photo [Jorge executes a GET on the resource 19?access-token=uGrpK5sxmZJxm7JlOM1D8YXiV2-wTSGbo9b2 [GET https://gorest.co.in/public-api/photos/19?access-token=uGrpK5sxmZJxm7JlOM1D8YXiV2-wTSGbo9b2]]]]
[Test worker] WARN net.thucydides.core.steps.BaseStepListener - stepFinished: current outcome:Consultar photos por id:Example: {url="https://gorest.co.in/public-api/photos/", id=19, albumId=1533, title="Sit adipisci qui quibusdam quos provident eos error. Voluptas incidunt non aut consequatur."} [Given Necesito consultar una photo en "https://gorest.co.in/public-api/photos/", When El id de la photo es 19 [Jorge consultar photo [Jorge executes a GET on the resource 19?access-token=uGrpK5sxmZJxm7JlOM1D8YXiV2-wTSGbo9b2 [GET https://gorest.co.in/public-api/photos/19?access-token=uGrpK5sxmZJxm7JlOM1D8YXiV2-wTSGbo9b2]]]]
[Test worker] WARN net.thucydides.core.steps.BaseStepListener - stepStarted: net.thucydides.core.steps.ExecutedStepDescription@3de1b31b
[Test worker] WARN net.thucydides.core.steps.BaseStepListener - stepStarted: net.thucydides.core.steps.ExecutedStepDescription@5b73bf26
[Test worker] WARN net.thucydides.core.steps.BaseStepListener - testFinished: Consultar photos por id:Example: {url="https://gorest.co.in/public-api/photos/", id=19, albumId=1533, title="Sit adipisci qui quibusdam quos provident eos error. Voluptas incidunt non aut consequatur."} [Given Necesito consultar una photo en "https://gorest.co.in/public-api/photos/", When El id de la photo es 19 [Jorge consultar photo [Jorge executes a GET on the resource 19?access-token=uGrpK5sxmZJxm7JlOM1D8YXiV2-wTSGbo9b2 [GET https://gorest.co.in/public-api/photos/19?access-token=uGrpK5sxmZJxm7JlOM1D8YXiV2-wTSGbo9b2]]], Then Valido el album con id 1533 y el title sea "Sit adipisci qui quibusdam quos provident eos error. Voluptas incidunt non aut consequatur." [A valid response is returned]]
[Test worker] WARN net.thucydides.core.steps.BaseStepListener - TestOutcomes: [Consultar photos por id:Example: {url="https://gorest.co.in/public-api/photos/", id=19, albumId=1533, title="Sit adipisci qui quibusdam quos provident eos error. Voluptas incidunt non aut consequatur."} [Given Necesito consultar una photo en "https://gorest.co.in/public-api/photos/", When El id de la photo es 19 [Jorge consultar photo [Jorge executes a GET on the resource 19?access-token=uGrpK5sxmZJxm7JlOM1D8YXiV2-wTSGbo9b2 [GET https://gorest.co.in/public-api/photos/19?access-token=uGrpK5sxmZJxm7JlOM1D8YXiV2-wTSGbo9b2]]], Then Valido el album con id 1533 y el title sea "Sit adipisci qui quibusdam quos provident eos error. Voluptas incidunt non aut consequatur." [A valid response is returned]]]
[Test worker] WARN net.thucydides.core.steps.BaseStepListener - Final testOutcomes: [Consultar photos por id:Example: {url="https://gorest.co.in/public-api/photos/", id=19, albumId=1533, title="Sit adipisci qui quibusdam quos provident eos error. Voluptas incidunt non aut consequatur."} [Given Necesito consultar una photo en "https://gorest.co.in/public-api/photos/", When El id de la photo es 19 [Jorge consultar photo [Jorge executes a GET on the resource 19?access-token=uGrpK5sxmZJxm7JlOM1D8YXiV2-wTSGbo9b2 [GET https://gorest.co.in/public-api/photos/19?access-token=uGrpK5sxmZJxm7JlOM1D8YXiV2-wTSGbo9b2]]], Then Valido el album con id 1533 y el title sea "Sit adipisci qui quibusdam quos provident eos error. Voluptas incidunt non aut consequatur." [A valid response is returned]]]
[Test worker] ERROR net.thucydides.core.steps.ConsoleLoggingListener - 
           __  _____ _____ ____ _____   _____ _    ___ _     _____ ____  
  _       / / |_   _| ____/ ___|_   _| |  ___/ \  |_ _| |   | ____|  _ \ 
 (_)_____| |    | | |  _| \___ \ | |   | |_ / _ \  | || |   |  _| | | | |
  _|_____| |    | | | |___ ___) || |   |  _/ ___ \ | || |___| |___| |_| |
 (_)     | |    |_| |_____|____/ |_|   |_|/_/   \_\___|_____|_____|____/ 
          \_\                                                            

TEST FAILED: Consultar photos por id
--------------------------------------------------------------------------
[Test worker] ERROR net.thucydides.core.steps.ConsoleLoggingListener - TEST FAILED AT STEP A valid response is returned
[Test worker] ERROR net.thucydides.core.steps.ConsoleLoggingListener - 1 expectation failed.JSON path result.album_id doesn't match.Expected: 1533  Actual: 1532
[Test worker] WARN net.thucydides.core.steps.BaseStepListener - stepStarted: net.thucydides.core.steps.ExecutedStepDescription@dbd1b91
[Test worker] WARN net.thucydides.core.steps.BaseStepListener - stepFinished: current outcome:Consultar photos por id:Example: {url="https://gorest.co.in/public-api/photos/", id=19, albumId=1533, title="Sit adipisci qui quibusdam quos provident eos error. Voluptas incidunt non aut consequatur."} [Given Necesito consultar una photo en "https://gorest.co.in/public-api/photos/", When El id de la photo es 19 [Jorge consultar photo [Jorge executes a GET on the resource 19?access-token=uGrpK5sxmZJxm7JlOM1D8YXiV2-wTSGbo9b2 [GET https://gorest.co.in/public-api/photos/19?access-token=uGrpK5sxmZJxm7JlOM1D8YXiV2-wTSGbo9b2]]], Then Valido el album con id 1533 y el title sea "Sit adipisci qui quibusdam quos provident eos error. Voluptas incidunt non aut consequatur." [A valid response is returned]], Example: {url="https://gorest.co.in/public-api/photos/", id=55, albumId=1906, title="A Omnis et amet fugit tempore suscipit esse et. Illum dolor aut nostrum deserunt enim."} [Given Necesito consultar una photo en "https://gorest.co.in/public-api/photos/"]
[Test worker] WARN net.thucydides.core.steps.BaseStepListener - stepStarted: net.thucydides.core.steps.ExecutedStepDescription@3c99e61f
[Test worker] WARN net.thucydides.core.steps.BaseStepListener - stepStarted: net.thucydides.core.steps.ExecutedStepDescription@4fdfdedb
[Test worker] WARN net.thucydides.core.steps.BaseStepListener - stepStarted: net.thucydides.core.steps.ExecutedStepDescription@4925d9a4
[Test worker] WARN net.thucydides.core.steps.BaseStepListener - stepStarted: net.thucydides.core.steps.ExecutedStepDescription@52d9db87
[Test worker] WARN net.thucydides.core.steps.BaseStepListener - stepFinished: current outcome:Consultar photos por id:Example: {url="https://gorest.co.in/public-api/photos/", id=19, albumId=1533, title="Sit adipisci qui quibusdam quos provident eos error. Voluptas incidunt non aut consequatur."} [Given Necesito consultar una photo en "https://gorest.co.in/public-api/photos/", When El id de la photo es 19 [Jorge consultar photo [Jorge executes a GET on the resource 19?access-token=uGrpK5sxmZJxm7JlOM1D8YXiV2-wTSGbo9b2 [GET https://gorest.co.in/public-api/photos/19?access-token=uGrpK5sxmZJxm7JlOM1D8YXiV2-wTSGbo9b2]]], Then Valido el album con id 1533 y el title sea "Sit adipisci qui quibusdam quos provident eos error. Voluptas incidunt non aut consequatur." [A valid response is returned]], Example: {url="https://gorest.co.in/public-api/photos/", id=55, albumId=1906, title="A Omnis et amet fugit tempore suscipit esse et. Illum dolor aut nostrum deserunt enim."} [Given Necesito consultar una photo en "https://gorest.co.in/public-api/photos/", When El id de la photo es 55 [Jorge consultar photo [Jorge executes a GET on the resource 55?access-token=uGrpK5sxmZJxm7JlOM1D8YXiV2-wTSGbo9b2 [GET https://gorest.co.in/public-api/photos/55?access-token=uGrpK5sxmZJxm7JlOM1D8YXiV2-wTSGbo9b2]]]]
[Test worker] WARN net.thucydides.core.steps.BaseStepListener - stepFinished: current outcome:Consultar photos por id:Example: {url="https://gorest.co.in/public-api/photos/", id=19, albumId=1533, title="Sit adipisci qui quibusdam quos provident eos error. Voluptas incidunt non aut consequatur."} [Given Necesito consultar una photo en "https://gorest.co.in/public-api/photos/", When El id de la photo es 19 [Jorge consultar photo [Jorge executes a GET on the resource 19?access-token=uGrpK5sxmZJxm7JlOM1D8YXiV2-wTSGbo9b2 [GET https://gorest.co.in/public-api/photos/19?access-token=uGrpK5sxmZJxm7JlOM1D8YXiV2-wTSGbo9b2]]], Then Valido el album con id 1533 y el title sea "Sit adipisci qui quibusdam quos provident eos error. Voluptas incidunt non aut consequatur." [A valid response is returned]], Example: {url="https://gorest.co.in/public-api/photos/", id=55, albumId=1906, title="A Omnis et amet fugit tempore suscipit esse et. Illum dolor aut nostrum deserunt enim."} [Given Necesito consultar una photo en "https://gorest.co.in/public-api/photos/", When El id de la photo es 55 [Jorge consultar photo [Jorge executes a GET on the resource 55?access-token=uGrpK5sxmZJxm7JlOM1D8YXiV2-wTSGbo9b2 [GET https://gorest.co.in/public-api/photos/55?access-token=uGrpK5sxmZJxm7JlOM1D8YXiV2-wTSGbo9b2]]]]
[Test worker] WARN net.thucydides.core.steps.BaseStepListener - stepFinished: current outcome:Consultar photos por id:Example: {url="https://gorest.co.in/public-api/photos/", id=19, albumId=1533, title="Sit adipisci qui quibusdam quos provident eos error. Voluptas incidunt non aut consequatur."} [Given Necesito consultar una photo en "https://gorest.co.in/public-api/photos/", When El id de la photo es 19 [Jorge consultar photo [Jorge executes a GET on the resource 19?access-token=uGrpK5sxmZJxm7JlOM1D8YXiV2-wTSGbo9b2 [GET https://gorest.co.in/public-api/photos/19?access-token=uGrpK5sxmZJxm7JlOM1D8YXiV2-wTSGbo9b2]]], Then Valido el album con id 1533 y el title sea "Sit adipisci qui quibusdam quos provident eos error. Voluptas incidunt non aut consequatur." [A valid response is returned]], Example: {url="https://gorest.co.in/public-api/photos/", id=55, albumId=1906, title="A Omnis et amet fugit tempore suscipit esse et. Illum dolor aut nostrum deserunt enim."} [Given Necesito consultar una photo en "https://gorest.co.in/public-api/photos/", When El id de la photo es 55 [Jorge consultar photo [Jorge executes a GET on the resource 55?access-token=uGrpK5sxmZJxm7JlOM1D8YXiV2-wTSGbo9b2 [GET https://gorest.co.in/public-api/photos/55?access-token=uGrpK5sxmZJxm7JlOM1D8YXiV2-wTSGbo9b2]]]]
[Test worker] WARN net.thucydides.core.steps.BaseStepListener - stepFinished: current outcome:Consultar photos por id:Example: {url="https://gorest.co.in/public-api/photos/", id=19, albumId=1533, title="Sit adipisci qui quibusdam quos provident eos error. Voluptas incidunt non aut consequatur."} [Given Necesito consultar una photo en "https://gorest.co.in/public-api/photos/", When El id de la photo es 19 [Jorge consultar photo [Jorge executes a GET on the resource 19?access-token=uGrpK5sxmZJxm7JlOM1D8YXiV2-wTSGbo9b2 [GET https://gorest.co.in/public-api/photos/19?access-token=uGrpK5sxmZJxm7JlOM1D8YXiV2-wTSGbo9b2]]], Then Valido el album con id 1533 y el title sea "Sit adipisci qui quibusdam quos provident eos error. Voluptas incidunt non aut consequatur." [A valid response is returned]], Example: {url="https://gorest.co.in/public-api/photos/", id=55, albumId=1906, title="A Omnis et amet fugit tempore suscipit esse et. Illum dolor aut nostrum deserunt enim."} [Given Necesito consultar una photo en "https://gorest.co.in/public-api/photos/", When El id de la photo es 55 [Jorge consultar photo [Jorge executes a GET on the resource 55?access-token=uGrpK5sxmZJxm7JlOM1D8YXiV2-wTSGbo9b2 [GET https://gorest.co.in/public-api/photos/55?access-token=uGrpK5sxmZJxm7JlOM1D8YXiV2-wTSGbo9b2]]]]
[Test worker] WARN net.thucydides.core.steps.BaseStepListener - stepStarted: net.thucydides.core.steps.ExecutedStepDescription@29749671
[Test worker] WARN net.thucydides.core.steps.BaseStepListener - stepStarted: net.thucydides.core.steps.ExecutedStepDescription@3c15b3db
[Test worker] WARN net.thucydides.core.steps.BaseStepListener - stepFinished: current outcome:Consultar photos por id:Example: {url="https://gorest.co.in/public-api/photos/", id=19, albumId=1533, title="Sit adipisci qui quibusdam quos provident eos error. Voluptas incidunt non aut consequatur."} [Given Necesito consultar una photo en "https://gorest.co.in/public-api/photos/", When El id de la photo es 19 [Jorge consultar photo [Jorge executes a GET on the resource 19?access-token=uGrpK5sxmZJxm7JlOM1D8YXiV2-wTSGbo9b2 [GET https://gorest.co.in/public-api/photos/19?access-token=uGrpK5sxmZJxm7JlOM1D8YXiV2-wTSGbo9b2]]], Then Valido el album con id 1533 y el title sea "Sit adipisci qui quibusdam quos provident eos error. Voluptas incidunt non aut consequatur." [A valid response is returned]], Example: {url="https://gorest.co.in/public-api/photos/", id=55, albumId=1906, title="A Omnis et amet fugit tempore suscipit esse et. Illum dolor aut nostrum deserunt enim."} [Given Necesito consultar una photo en "https://gorest.co.in/public-api/photos/", When El id de la photo es 55 [Jorge consultar photo [Jorge executes a GET on the resource 55?access-token=uGrpK5sxmZJxm7JlOM1D8YXiV2-wTSGbo9b2 [GET https://gorest.co.in/public-api/photos/55?access-token=uGrpK5sxmZJxm7JlOM1D8YXiV2-wTSGbo9b2]]], Then Valido el album con id 1906 y el title sea "A Omnis et amet fugit tempore suscipit esse et. Illum dolor aut nostrum deserunt enim." [A valid response is returned]]
[Test worker] WARN net.thucydides.core.steps.BaseStepListener - stepStarted: net.thucydides.core.steps.ExecutedStepDescription@46197a5d
]]></system-err>
</testsuite>
