<?xml version="1.0" encoding="UTF-8"?>
<testsuite name="com.sophossolutions.www.runners.RealizarCompraMetro" tests="0" skipped="0" failures="0" errors="0" timestamp="1970-01-01T00:00:00" hostname="MSI" time="0.0">
  <properties/>
  <system-out><![CDATA[REGISTER BASE STEP LISTENER net.thucydides.core.steps.BaseStepListener@46ae8200
Feature: Realizar compra
  Yo como usuario necesito realizar la compra de un producto

  Scenario: Realizar compra                                                      # src/test/resources/com.sophossolutions.www.features/realizar_compra_metro.feature:4

Failed scenarios:
src/test/resources/com.sophossolutions.www.features/realizar_compra_metro.feature:4 # Realizar compra

1 Scenarios (1 failed)
3 Steps (1 failed, 2 passed)
1m8,851s

java.lang.AssertionError: 
Expected: "Videojuego Days Gone"
     but: was "PS4 Videojuego Days Gone"
	at net.serenitybdd.screenplay.ErrorTally.throwSummaryExceptionFrom(ErrorTally.java:36)
	at net.serenitybdd.screenplay.ErrorTally.reportAnyErrors(ErrorTally.java:30)
	at net.serenitybdd.screenplay.Actor.should(Actor.java:301)
	at com.sophossolutions.www.steps.RealizarCompraMetroStepDefinition.validoQueElProductoFueAgregadoExitosamente(RealizarCompraMetroStepDefinition.java:45)
	at ?.Valido que el producto fue agregado exitosamente "Videojuego Days Gone"(src/test/resources/com.sophossolutions.www.features/realizar_compra_metro.feature:7)

]]></system-out>
  <system-err><![CDATA[[Test worker] INFO net.thucydides.core.steps.ConsoleLoggingListener - Test Suite Started: Realizar compra
[Test worker] WARN net.thucydides.core.steps.BaseStepListener - testStarted: Realizar compra/realizar-compra;realizar-compra
[Test worker] INFO net.thucydides.core.steps.ConsoleLoggingListener - 
 _____ _____ ____ _____   ____ _____  _    ____ _____ _____ ____  
|_   _| ____/ ___|_   _| / ___|_   _|/ \  |  _ \_   _| ____|  _ \ 
  | | |  _| \___ \ | |   \___ \ | | / _ \ | |_) || | |  _| | | | |
  | | | |___ ___) || |    ___) || |/ ___ \|  _ < | | | |___| |_| |
  |_| |_____|____/ |_|   |____/ |_/_/   \_\_| \_\|_| |_____|____/ 
                                                                  

TEST STARTED: Realizar compra
-------------------------------------------------------------------(realizar-compra;realizar-compra)
]]></system-err>
</testsuite>
